<?xml version="1.0" encoding="UTF-8"?>
<!-- Generated by org.testng.reporters.JUnitReportReporter -->
<testsuite skipped="0" hostname="DESKTOP-KERRSTN" name="org.com.bank.test.LoginTest" tests="1" failures="0" timestamp="14 Oct 2019 05:48:19 GMT" time="5.129" errors="0">
  <testcase name="loginSuccessTest" time="5.129" classname="org.com.bank.test.LoginTest"/>
</testsuite> <!-- org.com.bank.test.LoginTest -->
